<?xml version="1.0"?>
<!DOCTYPE coverage SYSTEM "http://cobertura.sourceforge.net/xml/coverage-04.dtd">
<coverage line-rate="0.8285714285714286" branch-rate="0.9000000000000000" lines-covered="29" lines-valid="35" branches-covered="18" branches-valid="20" complexity="0.0" timestamp="1633873845" version="Slather 2.7.1">
  <sources>
    <source>/Users/muhammadali/Development/Pods/Swifftlib/SwiftyLib</source>
  </sources>
  <packages>
    <package name="SwiftyLib" line-rate="0.5000000000000000" branch-rate="0.5000000000000000" complexity="0.0">
      <classes>
        <class name="SwiftyLib" filename="SwiftyLib/SwiftyLib.swift" line-rate="0.0000000000000000" branch-rate="0.0000000000000000" complexity="0.0">
          <methods/>
          <lines>
            <line number="11" branch="true" hits="0" condition-coverage="0% (0/1)">
              <conditions>
                <condition number="0" type="jump" coverage="0%"/>
              </conditions>
            </line>
            <line number="12" branch="false" hits="0"/>
            <line number="13" branch="false" hits="0"/>
            <line number="14" branch="true" hits="0" condition-coverage="0% (0/1)">
              <conditions>
                <condition number="0" type="jump" coverage="0%"/>
              </conditions>
            </line>
            <line number="15" branch="false" hits="0"/>
            <line number="16" branch="false" hits="0"/>
          </lines>
        </class>
        <class name="SwiftyLib" filename="SwiftyLib/SwiftyLib.swift" line-rate="1.0000000000000000" branch-rate="1.0000000000000000" complexity="0.0">
          <methods/>
          <lines>
            <line number="11" branch="true" hits="1" condition-coverage="100% (1/1)">
              <conditions>
                <condition number="0" type="jump" coverage="100%"/>
              </conditions>
            </line>
            <line number="12" branch="false" hits="1"/>
            <line number="13" branch="false" hits="1"/>
            <line number="14" branch="true" hits="1" condition-coverage="100% (1/1)">
              <conditions>
                <condition number="0" type="jump" coverage="100%"/>
              </conditions>
            </line>
            <line number="15" branch="false" hits="1"/>
            <line number="16" branch="false" hits="1"/>
          </lines>
        </class>
      </classes>
    </package>
    <package name="SwiftyLibTests" line-rate="1.0000000000000000" branch-rate="1.0000000000000000" complexity="0.0">
      <classes>
        <class name="SwiftyLibTests" filename="SwiftyLibTests/SwiftyLibTests.swift" line-rate="1.0000000000000000" branch-rate="1.0000000000000000" complexity="0.0">
          <methods/>
          <lines>
            <line number="14" branch="true" hits="4" condition-coverage="100% (1/1)">
              <conditions>
                <condition number="0" type="jump" coverage="100%"/>
              </conditions>
            </line>
            <line number="15" branch="false" hits="4"/>
            <line number="16" branch="false" hits="4"/>
            <line number="17" branch="false" hits="4"/>
            <line number="18" branch="true" hits="1" condition-coverage="100% (1/1)">
              <conditions>
                <condition number="0" type="jump" coverage="100%"/>
              </conditions>
            </line>
            <line number="19" branch="true" hits="1" condition-coverage="100% (4/4)">
              <conditions>
                <condition number="0" type="jump" coverage="100%"/>
              </conditions>
            </line>
            <line number="20" branch="false" hits="1"/>
            <line number="21" branch="true" hits="1" condition-coverage="100% (1/1)">
              <conditions>
                <condition number="0" type="jump" coverage="100%"/>
              </conditions>
            </line>
            <line number="22" branch="true" hits="1" condition-coverage="100% (4/4)">
              <conditions>
                <condition number="0" type="jump" coverage="100%"/>
              </conditions>
            </line>
            <line number="23" branch="false" hits="1"/>
            <line number="25" branch="true" hits="4" condition-coverage="100% (1/1)">
              <conditions>
                <condition number="0" type="jump" coverage="100%"/>
              </conditions>
            </line>
            <line number="26" branch="false" hits="4"/>
            <line number="27" branch="false" hits="4"/>
            <line number="29" branch="true" hits="1" condition-coverage="100% (1/1)">
              <conditions>
                <condition number="0" type="jump" coverage="100%"/>
              </conditions>
            </line>
            <line number="30" branch="false" hits="1"/>
            <line number="31" branch="false" hits="1"/>
            <line number="32" branch="false" hits="1"/>
            <line number="34" branch="true" hits="1" condition-coverage="100% (1/1)">
              <conditions>
                <condition number="0" type="jump" coverage="100%"/>
              </conditions>
            </line>
            <line number="35" branch="false" hits="1"/>
            <line number="36" branch="true" hits="10" condition-coverage="100% (1/1)">
              <conditions>
                <condition number="0" type="jump" coverage="100%"/>
              </conditions>
            </line>
            <line number="37" branch="false" hits="10"/>
            <line number="38" branch="true" hits="10" condition-coverage="100% (1/1)">
              <conditions>
                <condition number="0" type="jump" coverage="100%"/>
              </conditions>
            </line>
            <line number="39" branch="false" hits="1"/>
          </lines>
        </class>
      </classes>
    </package>
  </packages>
</coverage>
